<?xml version="1.0" encoding="UTF-8"?>
<testng-results skipped="0" failed="0" ignored="0" total="3" passed="3">
  <reporter-output>
  </reporter-output>
  <suite name="Suite" duration-ms="49770" started-at="2019-10-30T16:57:03 IST" finished-at="2019-10-30T16:57:53 IST">
    <groups>
    </groups>
    <test name="Test" duration-ms="49770" started-at="2019-10-30T16:57:03 IST" finished-at="2019-10-30T16:57:53 IST">
      <class name="suite.NewTest">
        <test-method status="PASS" signature="f(java.lang.Integer, java.lang.String, java.lang.String)[pri:0, instance:suite.NewTest@306279ee]" name="f" duration-ms="22831" started-at="2019-10-30T16:57:03 IST" data-provider="dp1" finished-at="2019-10-30T16:57:26 IST">
          <params>
            <param index="0">
              <value>
                <![CDATA[1]]>
              </value>
            </param>
            <param index="1">
              <value>
                <![CDATA[Firefox]]>
              </value>
            </param>
            <param index="2">
              <value>
                <![CDATA[https://amazon.com]]>
              </value>
            </param>
          </params>
          <reporter-output>
          </reporter-output>
        </test-method> <!-- f -->
        <test-method status="PASS" signature="f(java.lang.Integer, java.lang.String, java.lang.String)[pri:0, instance:suite.NewTest@306279ee]" name="f" duration-ms="18865" started-at="2019-10-30T16:57:26 IST" data-provider="dp1" finished-at="2019-10-30T16:57:45 IST">
          <params>
            <param index="0">
              <value>
                <![CDATA[2]]>
              </value>
            </param>
            <param index="1">
              <value>
                <![CDATA[Chrome]]>
              </value>
            </param>
            <param index="2">
              <value>
                <![CDATA[https://flipkart.com]]>
              </value>
            </param>
          </params>
          <reporter-output>
          </reporter-output>
        </test-method> <!-- f -->
        <test-method status="PASS" signature="f(java.lang.Integer, java.lang.String, java.lang.String)[pri:0, instance:suite.NewTest@306279ee]" name="f" duration-ms="7997" started-at="2019-10-30T16:57:45 IST" data-provider="dp1" finished-at="2019-10-30T16:57:53 IST">
          <params>
            <param index="0">
              <value>
                <![CDATA[2]]>
              </value>
            </param>
            <param index="1">
              <value>
                <![CDATA[Opera]]>
              </value>
            </param>
            <param index="2">
              <value>
                <![CDATA[https://google.com]]>
              </value>
            </param>
          </params>
          <reporter-output>
          </reporter-output>
        </test-method> <!-- f -->
      </class> <!-- suite.NewTest -->
    </test> <!-- Test -->
  </suite> <!-- Suite -->
</testng-results>
